<?xml version="1.0" encoding="UTF-8"?>
<robot generator="Robot 5.0.1 (Python 3.10.5 on win32)" generated="20220717 12:56:34.785" rpa="false" schemaversion="3">
<suite id="s1" name="Base" source="C:\Users\Indodana Admin\MobileAuto\base.robot">
<test id="s1-t1" name="User Should Be Able To See Homepage" line="24">
<kw name="Open Flight Application">
<kw name="Open Application" library="AppiumLibrary">
<arg>${REMOTE_URL}</arg>
<arg>platformName=${PLATFORM_NAME}</arg>
<arg>platformVersion=${PLATFORM_VERSION}</arg>
<arg>deviceName=${DEVICE_NAME}</arg>
<arg>automationName=UiAutomator2</arg>
<arg>newCommandTimeout=2500</arg>
<arg>appActivity=${ACTIVITY_NAME}</arg>
<arg>appPackage=${PACKAGE_NAME}</arg>
<doc>Opens a new application to given Appium server.
Capabilities of appium server, Android and iOS,
Please check https://github.com/appium/appium/blob/master/docs/en/writing-running-appium/server-args.md
| *Option*            | *Man.* | *Description*     |
| remote_url          | Yes    | Appium server url |
| alias               | no     | alias             |</doc>
<status status="PASS" starttime="20220717 12:56:35.570" endtime="20220717 12:57:01.800"/>
</kw>
<status status="PASS" starttime="20220717 12:56:35.569" endtime="20220717 12:57:01.801"/>
</kw>
<kw name="Element Should Be Visible" library="AppiumLibrary">
<arg>com.example.myapplication:id/imageView4</arg>
<doc>Verifies that element identified with locator is visible.</doc>
<status status="PASS" starttime="20220717 12:57:01.802" endtime="20220717 12:57:02.097"/>
</kw>
<status status="PASS" starttime="20220717 12:56:35.567" endtime="20220717 12:57:02.099"/>
</test>
<status status="PASS" starttime="20220717 12:56:34.789" endtime="20220717 12:57:02.104"/>
</suite>
<statistics>
<total>
<stat pass="1" fail="0" skip="0">All Tests</stat>
</total>
<tag>
</tag>
<suite>
<stat pass="1" fail="0" skip="0" id="s1" name="Base">Base</stat>
</suite>
</statistics>
<errors>
</errors>
</robot>
